
Showing logs for build [32mcb-kubecd-environment-pr-240-23-mn45s-1[0m stage [32mfrom-build-pack[0m and container [32mstep-credential-initializer-plv2f[0m
{"level":"info","ts":1592901698.698893,"logger":"fallback-logger","caller":"logging/config.go:69","msg":"Fetch GitHub commit ID from kodata failed: open /var/run/ko/refs/heads/0.8.0-ns-support: no such file or directory"}
{"level":"info","ts":1592901698.6994946,"logger":"fallback-logger","caller":"creds-init/main.go:40","msg":"Credentials initialized."}

Showing logs for build [32mcb-kubecd-environment-pr-240-23-mn45s-1[0m stage [32mfrom-build-pack[0m and container [32mstep-working-dir-initializer-jkwbz[0m
{"level":"info","ts":1592901699.5963058,"logger":"fallback-logger","caller":"logging/config.go:69","msg":"Fetch GitHub commit ID from kodata failed: open /var/run/ko/HEAD: no such file or directory"}
{"level":"info","ts":1592901699.59858,"logger":"fallback-logger","caller":"bash/main.go:64","msg":"Successfully executed command \"sh -c mkdir -p /workspace/source\"; output "}

Showing logs for build [32mcb-kubecd-environment-pr-240-23-mn45s-1[0m stage [32mfrom-build-pack[0m and container [32mstep-place-tools[0m

Showing logs for build [32mcb-kubecd-environment-pr-240-23-mn45s-1[0m stage [32mfrom-build-pack[0m and container [32mstep-git-source-cb-kubecd-environment-pr-240-23-mn45s-plj4c[0m
{"level":"info","ts":1592901702.744906,"logger":"fallback-logger","caller":"logging/config.go:69","msg":"Fetch GitHub commit ID from kodata failed: open /var/run/ko/refs/heads/0.8.0-ns-support: no such file or directory"}
{"level":"info","ts":1592901703.8299649,"logger":"fallback-logger","caller":"git/git.go:103","msg":"Successfully cloned https://github.com/cb-kubecd/environment-pr-240-23-boot-gke-production.git @ master in path /workspace/source"}

Showing logs for build [32mcb-kubecd-environment-pr-240-23-mn45s-1[0m stage [32mfrom-build-pack[0m and container [32mstep-git-merge[0m
Using SHAs from PULL_REFS=master:90bb52a337563ab0cc0589494f7144bd948c0c0d,1:db73e8dade422be96fc6fa65c72e3139fa7cf426
DEBUG: LC_ALL=C JX_LOG_LEVEL=error git fetch origin --unshallow db73e8dade422be96fc6fa65c72e3139fa7cf426: 90bb52a337563ab0cc0589494f7144bd948c0c0d:
DEBUG: ran git fetch --unshallow origin db73e8dade422be96fc6fa65c72e3139fa7cf426: 90bb52a337563ab0cc0589494f7144bd948c0c0d: in 
DEBUG: LC_ALL=C JX_LOG_LEVEL=error git branch
DEBUG: LC_ALL=C JX_LOG_LEVEL=error git checkout master
DEBUG: ran git checkout master in 
DEBUG: LC_ALL=C JX_LOG_LEVEL=error git reset --hard 90bb52a337563ab0cc0589494f7144bd948c0c0d
DEBUG: ran git reset --hard 90bb52a337563ab0cc0589494f7144bd948c0c0d in 
DEBUG: LC_ALL=C JX_LOG_LEVEL=error git clean -fd .
DEBUG: ran clean --force -d . in 
DEBUG: LC_ALL=C JX_LOG_LEVEL=error git merge db73e8dade422be96fc6fa65c72e3139fa7cf426
DEBUG: ran git merge db73e8dade422be96fc6fa65c72e3139fa7cf426 in 
DEBUG: JX_LOG_LEVEL=error LC_ALL=C git log --format=%H%x1f%an%x1f%ae%x1f%cn%x1f%ce%x1f%s%n%b%x1e 90bb52a337563ab0cc0589494f7144bd948c0c0d..HEAD
Merged SHA db73e8dade422be96fc6fa65c72e3139fa7cf426 with commit message 'chore: Promote bdd-spring-1592900707 to version 0.0.1' into base branch master

Showing logs for build [32mcb-kubecd-environment-pr-240-23-mn45s-1[0m stage [32mfrom-build-pack[0m and container [32mstep-build-helm-build[0m
WARNING: No $CHART_REPOSITORY defined so using the default value of: http://jenkins-x-chartmuseum:8080
Adding missing Helm repo: storage.googleapis.com https://storage.googleapis.com/chartmuseum.jenkins-x.io
WARNING: No secrets found on "helm/repos" due: reading the secret "helm/repos" from vault: no secret "helm/repos" not found in vault
Read credentials for https://storage.googleapis.com/chartmuseum.jenkins-x.io from vault helm/repos
Successfully added Helm repository storage.googleapis.com.
Adding missing Helm repo: jenkins-x-chartmuseum http://jenkins-x-chartmuseum:8080
WARNING: No secrets found on "helm/repos" due: reading the secret "helm/repos" from vault: no secret "helm/repos" not found in vault
Read credentials for http://jenkins-x-chartmuseum:8080 from vault helm/repos
Successfully added Helm repository jenkins-x-chartmuseum.
WARNING: No $CHART_REPOSITORY defined so using the default value of: http://jenkins-x-chartmuseum:8080
Adding missing Helm repo: chartmuseum.jenkins-x.io http://chartmuseum.jenkins-x.io
WARNING: No secrets found on "helm/repos" due: reading the secret "helm/repos" from vault: no secret "helm/repos" not found in vault
Read credentials for http://chartmuseum.jenkins-x.io from vault helm/repos
Successfully added Helm repository chartmuseum.jenkins-x.io.
